[28-Nov-2017 00:55:29 UTC] PHP Parse error:  syntax error, unexpected '<' in /home/ubuntu/workspace/eaanstad/hw/hw5/quiz.php on line 11
[30-Nov-2017 06:13:30 UTC] PHP Fatal error:  Uncaught exception 'PDOException' with message 'SQLSTATE[42000]: Syntax error or access violation: 1064 You have an error in your SQL syntax; check the manual that corresponds to your MySQL server version for the right syntax to use near 'COUNT(userId)
        FROM q_quizScore
        WHERE userId = '4'' at line 1' in /home/ubuntu/workspace/eaanstad/hw/hw5/api.php:27
Stack trace:
#0 /home/ubuntu/workspace/eaanstad/hw/hw5/api.php(27): PDOStatement->execute(Array)
#1 {main}
  thrown in /home/ubuntu/workspace/eaanstad/hw/hw5/api.php on line 27
[30-Nov-2017 06:16:03 UTC] PHP Fatal error:  Uncaught exception 'PDOException' with message 'SQLSTATE[42000]: Syntax error or access violation: 1064 You have an error in your SQL syntax; check the manual that corresponds to your MySQL server version for the right syntax to use near 'COUNT(userId)
        FROM q_quizScore
        WHERE userId = '4'' at line 1' in /home/ubuntu/workspace/eaanstad/hw/hw5/api.php:27
Stack trace:
#0 /home/ubuntu/workspace/eaanstad/hw/hw5/api.php(27): PDOStatement->execute(Array)
#1 {main}
  thrown in /home/ubuntu/workspace/eaanstad/hw/hw5/api.php on line 27
[30-Nov-2017 06:17:18 UTC] PHP Fatal error:  Uncaught exception 'PDOException' with message 'SQLSTATE[42000]: Syntax error or access violation: 1064 You have an error in your SQL syntax; check the manual that corresponds to your MySQL server version for the right syntax to use near 'COUNT(userId)
        FROM q_quizScore
        WHERE userId = '4'' at line 1' in /home/ubuntu/workspace/eaanstad/hw/hw5/api.php:27
Stack trace:
#0 /home/ubuntu/workspace/eaanstad/hw/hw5/api.php(27): PDOStatement->execute(Array)
#1 {main}
  thrown in /home/ubuntu/workspace/eaanstad/hw/hw5/api.php on line 27
[30-Nov-2017 06:18:00 UTC] PHP Fatal error:  Uncaught exception 'PDOException' with message 'SQLSTATE[42000]: Syntax error or access violation: 1064 You have an error in your SQL syntax; check the manual that corresponds to your MySQL server version for the right syntax to use near 'COUNT(userId)
        FROM q_quizScore
        WHERE userId = '4'' at line 1' in /home/ubuntu/workspace/eaanstad/hw/hw5/api.php:27
Stack trace:
#0 /home/ubuntu/workspace/eaanstad/hw/hw5/api.php(27): PDOStatement->execute(Array)
#1 {main}
  thrown in /home/ubuntu/workspace/eaanstad/hw/hw5/api.php on line 27
[30-Nov-2017 06:34:47 UTC] PHP Fatal error:  Uncaught exception 'PDOException' with message 'SQLSTATE[42000]: Syntax error or access violation: 1065 Query was empty' in /home/ubuntu/workspace/eaanstad/hw/hw5/api.php:27
Stack trace:
#0 /home/ubuntu/workspace/eaanstad/hw/hw5/api.php(27): PDOStatement->execute(Array)
#1 {main}
  thrown in /home/ubuntu/workspace/eaanstad/hw/hw5/api.php on line 27
[30-Nov-2017 06:36:32 UTC] PHP Fatal error:  Uncaught exception 'PDOException' with message 'SQLSTATE[42000]: Syntax error or access violation: 1065 Query was empty' in /home/ubuntu/workspace/eaanstad/hw/hw5/api.php:27
Stack trace:
#0 /home/ubuntu/workspace/eaanstad/hw/hw5/api.php(27): PDOStatement->execute(Array)
#1 {main}
  thrown in /home/ubuntu/workspace/eaanstad/hw/hw5/api.php on line 27
[30-Nov-2017 06:41:13 UTC] PHP Fatal error:  Uncaught exception 'PDOException' with message 'SQLSTATE[42000]: Syntax error or access violation: 1065 Query was empty' in /home/ubuntu/workspace/eaanstad/hw/hw5/api.php:27
Stack trace:
#0 /home/ubuntu/workspace/eaanstad/hw/hw5/api.php(27): PDOStatement->execute(Array)
#1 {main}
  thrown in /home/ubuntu/workspace/eaanstad/hw/hw5/api.php on line 27
[30-Nov-2017 06:41:43 UTC] PHP Fatal error:  Uncaught exception 'PDOException' with message 'SQLSTATE[42000]: Syntax error or access violation: 1065 Query was empty' in /home/ubuntu/workspace/eaanstad/hw/hw5/api.php:27
Stack trace:
#0 /home/ubuntu/workspace/eaanstad/hw/hw5/api.php(27): PDOStatement->execute(Array)
#1 {main}
  thrown in /home/ubuntu/workspace/eaanstad/hw/hw5/api.php on line 27
[30-Nov-2017 06:42:00 UTC] PHP Fatal error:  Uncaught exception 'PDOException' with message 'SQLSTATE[42000]: Syntax error or access violation: 1065 Query was empty' in /home/ubuntu/workspace/eaanstad/hw/hw5/api.php:27
Stack trace:
#0 /home/ubuntu/workspace/eaanstad/hw/hw5/api.php(27): PDOStatement->execute(Array)
#1 {main}
  thrown in /home/ubuntu/workspace/eaanstad/hw/hw5/api.php on line 27
[30-Nov-2017 06:44:34 UTC] PHP Fatal error:  Uncaught exception 'PDOException' with message 'SQLSTATE[42000]: Syntax error or access violation: 1065 Query was empty' in /home/ubuntu/workspace/eaanstad/hw/hw5/api.php:27
Stack trace:
#0 /home/ubuntu/workspace/eaanstad/hw/hw5/api.php(27): PDOStatement->execute(Array)
#1 {main}
  thrown in /home/ubuntu/workspace/eaanstad/hw/hw5/api.php on line 27
[30-Nov-2017 06:45:15 UTC] PHP Fatal error:  Uncaught exception 'PDOException' with message 'SQLSTATE[42000]: Syntax error or access violation: 1065 Query was empty' in /home/ubuntu/workspace/eaanstad/hw/hw5/api.php:27
Stack trace:
#0 /home/ubuntu/workspace/eaanstad/hw/hw5/api.php(27): PDOStatement->execute(Array)
#1 {main}
  thrown in /home/ubuntu/workspace/eaanstad/hw/hw5/api.php on line 27
[30-Nov-2017 06:45:42 UTC] PHP Fatal error:  Uncaught exception 'PDOException' with message 'SQLSTATE[42000]: Syntax error or access violation: 1065 Query was empty' in /home/ubuntu/workspace/eaanstad/hw/hw5/api.php:27
Stack trace:
#0 /home/ubuntu/workspace/eaanstad/hw/hw5/api.php(27): PDOStatement->execute(Array)
#1 {main}
  thrown in /home/ubuntu/workspace/eaanstad/hw/hw5/api.php on line 27
[30-Nov-2017 06:46:26 UTC] PHP Fatal error:  Uncaught exception 'PDOException' with message 'SQLSTATE[42000]: Syntax error or access violation: 1065 Query was empty' in /home/ubuntu/workspace/eaanstad/hw/hw5/api.php:27
Stack trace:
#0 /home/ubuntu/workspace/eaanstad/hw/hw5/api.php(27): PDOStatement->execute(Array)
#1 {main}
  thrown in /home/ubuntu/workspace/eaanstad/hw/hw5/api.php on line 27
