[05-Oct-2017 18:43:56 UTC] PHP Fatal error:  Cannot redeclare getMaleAuthors() (previously declared in /home/ubuntu/workspace/eaanstad/labs/lab5/index.php:16) in /home/ubuntu/workspace/eaanstad/labs/lab5/index.php on line 56
[05-Oct-2017 18:44:27 UTC] PHP Fatal error:  Call to a member function prepare() on a non-object in /home/ubuntu/workspace/eaanstad/labs/lab5/index.php on line 20
[05-Oct-2017 18:44:27 UTC] PHP Stack trace:
[05-Oct-2017 18:44:27 UTC] PHP   1. {main}() /home/ubuntu/workspace/eaanstad/labs/lab5/index.php:0
[05-Oct-2017 18:44:27 UTC] PHP   2. getMaleAuthors() /home/ubuntu/workspace/eaanstad/labs/lab5/index.php:68
[05-Oct-2017 18:45:35 UTC] PHP Fatal error:  Call to a member function prepare() on a non-object in /home/ubuntu/workspace/eaanstad/labs/lab5/index.php on line 20
[05-Oct-2017 18:45:35 UTC] PHP Stack trace:
[05-Oct-2017 18:45:35 UTC] PHP   1. {main}() /home/ubuntu/workspace/eaanstad/labs/lab5/index.php:0
[05-Oct-2017 18:45:35 UTC] PHP   2. getMaleAuthors() /home/ubuntu/workspace/eaanstad/labs/lab5/index.php:68
[05-Oct-2017 18:47:22 UTC] PHP Fatal error:  Call to a member function prepare() on a non-object in /home/ubuntu/workspace/eaanstad/labs/lab5/index.php on line 40
[05-Oct-2017 18:47:22 UTC] PHP Stack trace:
[05-Oct-2017 18:47:22 UTC] PHP   1. {main}() /home/ubuntu/workspace/eaanstad/labs/lab5/index.php:0
[05-Oct-2017 18:47:22 UTC] PHP   2. getAllQuotes() /home/ubuntu/workspace/eaanstad/labs/lab5/index.php:70
[12-Oct-2017 17:27:53 UTC] PHP Fatal error:  Call to undefined function getMaleAuthors() in /home/ubuntu/workspace/eaanstad/labs/lab5/index.php on line 57
[12-Oct-2017 17:27:53 UTC] PHP Stack trace:
[12-Oct-2017 17:27:53 UTC] PHP   1. {main}() /home/ubuntu/workspace/eaanstad/labs/lab5/index.php:0
[12-Oct-2017 17:28:18 UTC] PHP Warning:  array_rand() expects parameter 1 to be array, null given in /home/ubuntu/workspace/eaanstad/labs/lab5/index.php on line 40
[12-Oct-2017 17:28:18 UTC] PHP Stack trace:
[12-Oct-2017 17:28:18 UTC] PHP   1. {main}() /home/ubuntu/workspace/eaanstad/labs/lab5/index.php:0
[12-Oct-2017 17:28:18 UTC] PHP   2. getRandomQuote() /home/ubuntu/workspace/eaanstad/labs/lab5/index.php:57
[12-Oct-2017 17:28:18 UTC] PHP   3. array_rand() /home/ubuntu/workspace/eaanstad/labs/lab5/index.php:40
[12-Oct-2017 17:39:56 UTC] PHP Warning:  Illegal string offset 'lastName' in /home/ubuntu/workspace/eaanstad/labs/lab5/index.php on line 48
[12-Oct-2017 17:39:56 UTC] PHP Stack trace:
[12-Oct-2017 17:39:56 UTC] PHP   1. {main}() /home/ubuntu/workspace/eaanstad/labs/lab5/index.php:0
[12-Oct-2017 17:39:56 UTC] PHP   2. getRandomQuote() /home/ubuntu/workspace/eaanstad/labs/lab5/index.php:61
[12-Oct-2017 17:54:32 UTC] PHP Parse error:  syntax error, unexpected '"</a>"' (T_CONSTANT_ENCAPSED_STRING), expecting ',' or ';' in /home/ubuntu/workspace/eaanstad/labs/lab5/index.php on line 41
[12-Oct-2017 18:13:23 UTC] PHP Fatal error:  Call to a member function prepare() on a non-object in /home/ubuntu/workspace/eaanstad/labs/lab5/index.php on line 11
[12-Oct-2017 18:13:23 UTC] PHP Stack trace:
[12-Oct-2017 18:13:23 UTC] PHP   1. {main}() /home/ubuntu/workspace/eaanstad/labs/lab5/index.php:0
[12-Oct-2017 18:13:23 UTC] PHP   2. getRandomQuote() /home/ubuntu/workspace/eaanstad/labs/lab5/index.php:45
[12-Oct-2017 18:13:24 UTC] PHP Fatal error:  Call to a member function prepare() on a non-object in /home/ubuntu/workspace/eaanstad/labs/lab5/index.php on line 11
[12-Oct-2017 18:13:24 UTC] PHP Stack trace:
[12-Oct-2017 18:13:24 UTC] PHP   1. {main}() /home/ubuntu/workspace/eaanstad/labs/lab5/index.php:0
[12-Oct-2017 18:13:24 UTC] PHP   2. getRandomQuote() /home/ubuntu/workspace/eaanstad/labs/lab5/index.php:45
[15-Oct-2017 02:44:12 UTC] PHP Parse error:  syntax error, unexpected '}', expecting ',' or ';' in /home/ubuntu/workspace/eaanstad/labs/lab5/getAuthorInfo.php on line 22
[15-Oct-2017 02:47:03 UTC] PHP Parse error:  syntax error, unexpected 'echo' (T_ECHO), expecting ',' or ';' in /home/ubuntu/workspace/eaanstad/labs/lab5/getAuthorInfo.php on line 26
[15-Oct-2017 02:49:06 UTC] PHP Parse error:  syntax error, unexpected '' (T_ENCAPSED_AND_WHITESPACE), expecting identifier (T_STRING) or variable (T_VARIABLE) or number (T_NUM_STRING) in /home/ubuntu/workspace/eaanstad/labs/lab5/getAuthorInfo.php on line 20
[15-Oct-2017 02:49:10 UTC] PHP Parse error:  syntax error, unexpected '' (T_ENCAPSED_AND_WHITESPACE), expecting identifier (T_STRING) or variable (T_VARIABLE) or number (T_NUM_STRING) in /home/ubuntu/workspace/eaanstad/labs/lab5/getAuthorInfo.php on line 20
[15-Oct-2017 02:49:34 UTC] PHP Parse error:  syntax error, unexpected '"</h3>"' (T_CONSTANT_ENCAPSED_STRING), expecting ',' or ';' in /home/ubuntu/workspace/eaanstad/labs/lab5/getAuthorInfo.php on line 20
[15-Oct-2017 02:49:52 UTC] PHP Parse error:  syntax error, unexpected '' (T_ENCAPSED_AND_WHITESPACE), expecting identifier (T_STRING) or variable (T_VARIABLE) or number (T_NUM_STRING) in /home/ubuntu/workspace/eaanstad/labs/lab5/getAuthorInfo.php on line 20
[15-Oct-2017 02:51:00 UTC] PHP Parse error:  syntax error, unexpected '' (T_ENCAPSED_AND_WHITESPACE), expecting identifier (T_STRING) or variable (T_VARIABLE) or number (T_NUM_STRING) in /home/ubuntu/workspace/eaanstad/labs/lab5/getAuthorInfo.php on line 20
[15-Oct-2017 02:51:19 UTC] PHP Parse error:  syntax error, unexpected '' (T_ENCAPSED_AND_WHITESPACE), expecting identifier (T_STRING) or variable (T_VARIABLE) or number (T_NUM_STRING) in /home/ubuntu/workspace/eaanstad/labs/lab5/getAuthorInfo.php on line 20
[15-Oct-2017 02:51:29 UTC] PHP Parse error:  syntax error, unexpected '' (T_ENCAPSED_AND_WHITESPACE), expecting identifier (T_STRING) or variable (T_VARIABLE) or number (T_NUM_STRING) in /home/ubuntu/workspace/eaanstad/labs/lab5/getAuthorInfo.php on line 20
[15-Oct-2017 02:51:52 UTC] PHP Parse error:  syntax error, unexpected '$record' (T_VARIABLE), expecting ',' or ';' in /home/ubuntu/workspace/eaanstad/labs/lab5/getAuthorInfo.php on line 20
[15-Oct-2017 02:51:53 UTC] PHP Parse error:  syntax error, unexpected '$record' (T_VARIABLE), expecting ',' or ';' in /home/ubuntu/workspace/eaanstad/labs/lab5/getAuthorInfo.php on line 20
[15-Oct-2017 02:51:54 UTC] PHP Parse error:  syntax error, unexpected '$record' (T_VARIABLE), expecting ',' or ';' in /home/ubuntu/workspace/eaanstad/labs/lab5/getAuthorInfo.php on line 20
[26-Oct-2017 17:38:43 UTC] PHP Fatal error:  Uncaught exception 'PDOException' with message 'SQLSTATE[42S02]: Base table or view not found: 1146 Table 'quotes.q_admin' doesn't exist' in /home/ubuntu/workspace/eaanstad/labs/lab7/loginProcess.php:21
Stack trace:
#0 /home/ubuntu/workspace/eaanstad/labs/lab7/loginProcess.php(21): PDOStatement->execute()
#1 {main}
  thrown in /home/ubuntu/workspace/eaanstad/labs/lab7/loginProcess.php on line 21
[26-Oct-2017 18:02:04 UTC] PHP Fatal error:  Uncaught exception 'PDOException' with message 'SQLSTATE[HY093]: Invalid parameter number: parameter was not defined' in /home/ubuntu/workspace/eaanstad/labs/lab7/loginProcess.php:35
Stack trace:
#0 /home/ubuntu/workspace/eaanstad/labs/lab7/loginProcess.php(35): PDOStatement->execute(Array)
#1 {main}
  thrown in /home/ubuntu/workspace/eaanstad/labs/lab7/loginProcess.php on line 35
[26-Oct-2017 18:11:04 UTC] PHP Fatal error:  Uncaught exception 'PDOException' with message 'SQLSTATE[HY093]: Invalid parameter number: parameter was not defined' in /home/ubuntu/workspace/eaanstad/labs/lab7/loginProcess.php:35
Stack trace:
#0 /home/ubuntu/workspace/eaanstad/labs/lab7/loginProcess.php(35): PDOStatement->execute(Array)
#1 {main}
  thrown in /home/ubuntu/workspace/eaanstad/labs/lab7/loginProcess.php on line 35
[26-Oct-2017 18:15:19 UTC] PHP Fatal error:  Uncaught exception 'PDOException' with message 'SQLSTATE[HY093]: Invalid parameter number: number of bound variables does not match number of tokens' in /home/ubuntu/workspace/eaanstad/labs/lab7/addAuthor.php:33
Stack trace:
#0 /home/ubuntu/workspace/eaanstad/labs/lab7/addAuthor.php(33): PDOStatement->execute(Array)
#1 {main}
  thrown in /home/ubuntu/workspace/eaanstad/labs/lab7/addAuthor.php on line 33
[26-Oct-2017 18:16:01 UTC] PHP Fatal error:  Uncaught exception 'PDOException' with message 'SQLSTATE[HY093]: Invalid parameter number: number of bound variables does not match number of tokens' in /home/ubuntu/workspace/eaanstad/labs/lab7/addAuthor.php:33
Stack trace:
#0 /home/ubuntu/workspace/eaanstad/labs/lab7/addAuthor.php(33): PDOStatement->execute(Array)
#1 {main}
  thrown in /home/ubuntu/workspace/eaanstad/labs/lab7/addAuthor.php on line 33
[26-Oct-2017 18:17:46 UTC] PHP Fatal error:  Uncaught exception 'PDOException' with message 'SQLSTATE[HY093]: Invalid parameter number: number of bound variables does not match number of tokens' in /home/ubuntu/workspace/eaanstad/labs/lab7/addAuthor.php:33
Stack trace:
#0 /home/ubuntu/workspace/eaanstad/labs/lab7/addAuthor.php(33): PDOStatement->execute(Array)
#1 {main}
  thrown in /home/ubuntu/workspace/eaanstad/labs/lab7/addAuthor.php on line 33
[27-Oct-2017 02:07:07 UTC] PHP Fatal error:  Uncaught exception 'PDOException' with message 'SQLSTATE[42S22]: Column not found: 1054 Unknown column 'category' in 'where clause'' in /home/ubuntu/workspace/eaanstad/labs/Lab6/index.php:110
Stack trace:
#0 /home/ubuntu/workspace/eaanstad/labs/Lab6/index.php(110): PDOStatement->execute(Array)
#1 /home/ubuntu/workspace/eaanstad/labs/Lab6/index.php(182): displayQuotes()
#2 {main}
  thrown in /home/ubuntu/workspace/eaanstad/labs/Lab6/index.php on line 110
[27-Oct-2017 02:33:22 UTC] PHP Fatal error:  Uncaught exception 'PDOException' with message 'SQLSTATE[42S22]: Column not found: 1054 Unknown column 'category' in 'where clause'' in /home/ubuntu/workspace/eaanstad/labs/Lab6/index.php:112
Stack trace:
#0 /home/ubuntu/workspace/eaanstad/labs/Lab6/index.php(112): PDOStatement->execute(Array)
#1 /home/ubuntu/workspace/eaanstad/labs/Lab6/index.php(184): displayQuotes()
#2 {main}
  thrown in /home/ubuntu/workspace/eaanstad/labs/Lab6/index.php on line 112
[29-Oct-2017 00:59:26 UTC] PHP Fatal error:  Uncaught exception 'PDOException' with message 'SQLSTATE[42S02]: Base table or view not found: 1146 Table 'quotes.q' doesn't exist' in /home/ubuntu/workspace/eaanstad/labs/Lab6/index.php:113
Stack trace:
#0 /home/ubuntu/workspace/eaanstad/labs/Lab6/index.php(113): PDOStatement->execute(Array)
#1 /home/ubuntu/workspace/eaanstad/labs/Lab6/index.php(185): displayQuotes()
#2 {main}
  thrown in /home/ubuntu/workspace/eaanstad/labs/Lab6/index.php on line 113
[29-Oct-2017 01:09:28 UTC] PHP Fatal error:  Uncaught exception 'PDOException' with message 'SQLSTATE[42S22]: Column not found: 1054 Unknown column 'category' in 'where clause'' in /home/ubuntu/workspace/eaanstad/labs/Lab6/index.php:112
Stack trace:
#0 /home/ubuntu/workspace/eaanstad/labs/Lab6/index.php(112): PDOStatement->execute(Array)
#1 /home/ubuntu/workspace/eaanstad/labs/Lab6/index.php(184): displayQuotes()
#2 {main}
  thrown in /home/ubuntu/workspace/eaanstad/labs/Lab6/index.php on line 112
[29-Oct-2017 01:13:43 UTC] PHP Fatal error:  Uncaught exception 'PDOException' with message 'SQLSTATE[42S22]: Column not found: 1054 Unknown column 'category' in 'where clause'' in /home/ubuntu/workspace/eaanstad/labs/Lab6/index.php:112
Stack trace:
#0 /home/ubuntu/workspace/eaanstad/labs/Lab6/index.php(112): PDOStatement->execute(Array)
#1 /home/ubuntu/workspace/eaanstad/labs/Lab6/index.php(184): displayQuotes()
#2 {main}
  thrown in /home/ubuntu/workspace/eaanstad/labs/Lab6/index.php on line 112
[29-Oct-2017 01:14:11 UTC] PHP Fatal error:  Uncaught exception 'PDOException' with message 'SQLSTATE[42S22]: Column not found: 1054 Unknown column 'category' in 'where clause'' in /home/ubuntu/workspace/eaanstad/labs/Lab6/index.php:112
Stack trace:
#0 /home/ubuntu/workspace/eaanstad/labs/Lab6/index.php(112): PDOStatement->execute(Array)
#1 /home/ubuntu/workspace/eaanstad/labs/Lab6/index.php(184): displayQuotes()
#2 {main}
  thrown in /home/ubuntu/workspace/eaanstad/labs/Lab6/index.php on line 112
[29-Oct-2017 01:14:13 UTC] PHP Fatal error:  Uncaught exception 'PDOException' with message 'SQLSTATE[42S22]: Column not found: 1054 Unknown column 'category' in 'where clause'' in /home/ubuntu/workspace/eaanstad/labs/Lab6/index.php:112
Stack trace:
#0 /home/ubuntu/workspace/eaanstad/labs/Lab6/index.php(112): PDOStatement->execute(Array)
#1 /home/ubuntu/workspace/eaanstad/labs/Lab6/index.php(184): displayQuotes()
#2 {main}
  thrown in /home/ubuntu/workspace/eaanstad/labs/Lab6/index.php on line 112
[29-Oct-2017 01:55:14 UTC] PHP Fatal error:  Uncaught exception 'PDOException' with message 'SQLSTATE[42000]: Syntax error or access violation: 1064 You have an error in your SQL syntax; check the manual that corresponds to your MySQL server version for the right syntax to use near 'q_quote.quoteId in (SELECT quoteId fROM q_category natural join q_cat_quote WHER' at line 4' in /home/ubuntu/workspace/eaanstad/labs/Lab6/index.php:109
Stack trace:
#0 /home/ubuntu/workspace/eaanstad/labs/Lab6/index.php(109): PDOStatement->execute(Array)
#1 /home/ubuntu/workspace/eaanstad/labs/Lab6/index.php(200): displayQuotes()
#2 {main}
  thrown in /home/ubuntu/workspace/eaanstad/labs/Lab6/index.php on line 109
[29-Oct-2017 01:56:42 UTC] PHP Fatal error:  Uncaught exception 'PDOException' with message 'SQLSTATE[42000]: Syntax error or access violation: 1064 You have an error in your SQL syntax; check the manual that corresponds to your MySQL server version for the right syntax to use near 'q_quote.quoteId in (SELECT quoteId FROM q_category NATURAL JOIN q_cat_quote WHER' at line 4' in /home/ubuntu/workspace/eaanstad/labs/Lab6/index.php:109
Stack trace:
#0 /home/ubuntu/workspace/eaanstad/labs/Lab6/index.php(109): PDOStatement->execute(Array)
#1 /home/ubuntu/workspace/eaanstad/labs/Lab6/index.php(200): displayQuotes()
#2 {main}
  thrown in /home/ubuntu/workspace/eaanstad/labs/Lab6/index.php on line 109
[29-Oct-2017 01:58:29 UTC] PHP Fatal error:  Uncaught exception 'PDOException' with message 'SQLSTATE[42000]: Syntax error or access violation: 1064 You have an error in your SQL syntax; check the manual that corresponds to your MySQL server version for the right syntax to use near 'q_quote.quoteId in (SELECT quoteId FROM q_category NATURAL JOIN q_cat_quote WHER' at line 4' in /home/ubuntu/workspace/eaanstad/labs/Lab6/index.php:111
Stack trace:
#0 /home/ubuntu/workspace/eaanstad/labs/Lab6/index.php(111): PDOStatement->execute(Array)
#1 /home/ubuntu/workspace/eaanstad/labs/Lab6/index.php(202): displayQuotes()
#2 {main}
  thrown in /home/ubuntu/workspace/eaanstad/labs/Lab6/index.php on line 111
[29-Oct-2017 02:00:13 UTC] PHP Fatal error:  Uncaught exception 'PDOException' with message 'SQLSTATE[42000]: Syntax error or access violation: 1064 You have an error in your SQL syntax; check the manual that corresponds to your MySQL server version for the right syntax to use near 'q_quote.quoteId in (SELECT quoteId FROM q_category NATURAL JOIN q_cat_quote WHER' at line 4' in /home/ubuntu/workspace/eaanstad/labs/Lab6/index.php:111
Stack trace:
#0 /home/ubuntu/workspace/eaanstad/labs/Lab6/index.php(111): PDOStatement->execute(Array)
#1 /home/ubuntu/workspace/eaanstad/labs/Lab6/index.php(202): displayQuotes()
#2 {main}
  thrown in /home/ubuntu/workspace/eaanstad/labs/Lab6/index.php on line 111
[29-Oct-2017 02:13:00 UTC] PHP Fatal error:  Uncaught exception 'PDOException' with message 'SQLSTATE[42000]: Syntax error or access violation: 1064 You have an error in your SQL syntax; check the manual that corresponds to your MySQL server version for the right syntax to use near 'q_quote.quoteId in (SELECT quoteId FROM q_category NATURAL JOIN q_cat_quote WHER' at line 4' in /home/ubuntu/workspace/eaanstad/labs/Lab6/index.php:111
Stack trace:
#0 /home/ubuntu/workspace/eaanstad/labs/Lab6/index.php(111): PDOStatement->execute(Array)
#1 /home/ubuntu/workspace/eaanstad/labs/Lab6/index.php(202): displayQuotes()
#2 {main}
  thrown in /home/ubuntu/workspace/eaanstad/labs/Lab6/index.php on line 111
[29-Oct-2017 02:13:19 UTC] PHP Fatal error:  Uncaught exception 'PDOException' with message 'SQLSTATE[42000]: Syntax error or access violation: 1064 You have an error in your SQL syntax; check the manual that corresponds to your MySQL server version for the right syntax to use near 'q_quote.quoteId in (SELECT quoteId FROM q_category NATURAL JOIN q_cat_quote WHER' at line 4' in /home/ubuntu/workspace/eaanstad/labs/Lab6/index.php:111
Stack trace:
#0 /home/ubuntu/workspace/eaanstad/labs/Lab6/index.php(111): PDOStatement->execute(Array)
#1 /home/ubuntu/workspace/eaanstad/labs/Lab6/index.php(202): displayQuotes()
#2 {main}
  thrown in /home/ubuntu/workspace/eaanstad/labs/Lab6/index.php on line 111
[29-Oct-2017 02:18:18 UTC] PHP Fatal error:  Uncaught exception 'PDOException' with message 'SQLSTATE[42000]: Syntax error or access violation: 1064 You have an error in your SQL syntax; check the manual that corresponds to your MySQL server version for the right syntax to use near 'q_quote.quoteId in (SELECT quoteId FROM q_category NATURAL JOIN q_cat_quote WHER' at line 4' in /home/ubuntu/workspace/eaanstad/labs/Lab6/index.php:111
Stack trace:
#0 /home/ubuntu/workspace/eaanstad/labs/Lab6/index.php(111): PDOStatement->execute(Array)
#1 /home/ubuntu/workspace/eaanstad/labs/Lab6/index.php(203): displayQuotes()
#2 {main}
  thrown in /home/ubuntu/workspace/eaanstad/labs/Lab6/index.php on line 111
[29-Oct-2017 02:18:54 UTC] PHP Fatal error:  Uncaught exception 'PDOException' with message 'SQLSTATE[42000]: Syntax error or access violation: 1064 You have an error in your SQL syntax; check the manual that corresponds to your MySQL server version for the right syntax to use near 'q_quote.quoteId in (SELECT quoteId FROM q_category NATURAL JOIN q_cat_quote WHER' at line 4' in /home/ubuntu/workspace/eaanstad/labs/Lab6/index.php:112
Stack trace:
#0 /home/ubuntu/workspace/eaanstad/labs/Lab6/index.php(112): PDOStatement->execute(Array)
#1 /home/ubuntu/workspace/eaanstad/labs/Lab6/index.php(204): displayQuotes()
#2 {main}
  thrown in /home/ubuntu/workspace/eaanstad/labs/Lab6/index.php on line 112
[31-Oct-2017 17:50:04 UTC] PHP Fatal error:  Call to a member function prepare() on a non-object in /home/ubuntu/workspace/eaanstad/labs/lab7/updateAuthor.php on line 12
[31-Oct-2017 17:50:04 UTC] PHP Stack trace:
[31-Oct-2017 17:50:04 UTC] PHP   1. {main}() /home/ubuntu/workspace/eaanstad/labs/lab7/updateAuthor.php:0
[31-Oct-2017 17:50:04 UTC] PHP   2. getAuthorInfo() /home/ubuntu/workspace/eaanstad/labs/lab7/updateAuthor.php:51
[31-Oct-2017 17:50:52 UTC] PHP Fatal error:  Call to a member function prepare() on a non-object in /home/ubuntu/workspace/eaanstad/labs/lab7/updateAuthor.php on line 12
[31-Oct-2017 17:50:52 UTC] PHP Stack trace:
[31-Oct-2017 17:50:52 UTC] PHP   1. {main}() /home/ubuntu/workspace/eaanstad/labs/lab7/updateAuthor.php:0
[31-Oct-2017 17:50:52 UTC] PHP   2. getAuthorInfo() /home/ubuntu/workspace/eaanstad/labs/lab7/updateAuthor.php:54
[31-Oct-2017 17:50:54 UTC] PHP Fatal error:  Call to a member function prepare() on a non-object in /home/ubuntu/workspace/eaanstad/labs/lab7/updateAuthor.php on line 12
[31-Oct-2017 17:50:54 UTC] PHP Stack trace:
[31-Oct-2017 17:50:54 UTC] PHP   1. {main}() /home/ubuntu/workspace/eaanstad/labs/lab7/updateAuthor.php:0
[31-Oct-2017 17:50:54 UTC] PHP   2. getAuthorInfo() /home/ubuntu/workspace/eaanstad/labs/lab7/updateAuthor.php:54
[31-Oct-2017 17:52:43 UTC] PHP Fatal error:  Uncaught exception 'PDOException' with message 'SQLSTATE[42000]: Syntax error or access violation: 1065 Query was empty' in /home/ubuntu/workspace/eaanstad/labs/lab7/updateAuthor.php:47
Stack trace:
#0 /home/ubuntu/workspace/eaanstad/labs/lab7/updateAuthor.php(47): PDOStatement->execute(Array)
#1 {main}
  thrown in /home/ubuntu/workspace/eaanstad/labs/lab7/updateAuthor.php on line 47
[31-Oct-2017 18:00:31 UTC] PHP Fatal error:  Uncaught exception 'PDOException' with message 'SQLSTATE[42000]: Syntax error or access violation: 1064 You have an error in your SQL syntax; check the manual that corresponds to your MySQL server version for the right syntax to use near '' at line 1' in /home/ubuntu/workspace/eaanstad/labs/lab7/deleteAuthor.php:8
Stack trace:
#0 /home/ubuntu/workspace/eaanstad/labs/lab7/deleteAuthor.php(8): PDOStatement->execute()
#1 {main}
  thrown in /home/ubuntu/workspace/eaanstad/labs/lab7/deleteAuthor.php on line 8
[31-Oct-2017 18:00:41 UTC] PHP Fatal error:  Uncaught exception 'PDOException' with message 'SQLSTATE[42000]: Syntax error or access violation: 1064 You have an error in your SQL syntax; check the manual that corresponds to your MySQL server version for the right syntax to use near '' at line 1' in /home/ubuntu/workspace/eaanstad/labs/lab7/deleteAuthor.php:8
Stack trace:
#0 /home/ubuntu/workspace/eaanstad/labs/lab7/deleteAuthor.php(8): PDOStatement->execute()
#1 {main}
  thrown in /home/ubuntu/workspace/eaanstad/labs/lab7/deleteAuthor.php on line 8
[31-Oct-2017 18:00:56 UTC] PHP Fatal error:  Uncaught exception 'PDOException' with message 'SQLSTATE[42000]: Syntax error or access violation: 1064 You have an error in your SQL syntax; check the manual that corresponds to your MySQL server version for the right syntax to use near '' at line 1' in /home/ubuntu/workspace/eaanstad/labs/lab7/deleteAuthor.php:8
Stack trace:
#0 /home/ubuntu/workspace/eaanstad/labs/lab7/deleteAuthor.php(8): PDOStatement->execute()
#1 {main}
  thrown in /home/ubuntu/workspace/eaanstad/labs/lab7/deleteAuthor.php on line 8
[31-Oct-2017 18:01:08 UTC] PHP Fatal error:  Uncaught exception 'PDOException' with message 'SQLSTATE[42000]: Syntax error or access violation: 1064 You have an error in your SQL syntax; check the manual that corresponds to your MySQL server version for the right syntax to use near '' at line 1' in /home/ubuntu/workspace/eaanstad/labs/lab7/deleteAuthor.php:8
Stack trace:
#0 /home/ubuntu/workspace/eaanstad/labs/lab7/deleteAuthor.php(8): PDOStatement->execute()
#1 {main}
  thrown in /home/ubuntu/workspace/eaanstad/labs/lab7/deleteAuthor.php on line 8
[31-Oct-2017 18:20:47 UTC] PHP Fatal error:  Uncaught exception 'PDOException' with message 'SQLSTATE[23000]: Integrity constraint violation: 1048 Column 'gender' cannot be null' in /home/ubuntu/workspace/eaanstad/labs/lab7/addAuthor.php:33
Stack trace:
#0 /home/ubuntu/workspace/eaanstad/labs/lab7/addAuthor.php(33): PDOStatement->execute(Array)
#1 {main}
  thrown in /home/ubuntu/workspace/eaanstad/labs/lab7/addAuthor.php on line 33
[31-Oct-2017 18:34:59 UTC] PHP Fatal error:  Uncaught exception 'PDOException' with message 'SQLSTATE[42000]: Syntax error or access violation: 1065 Query was empty' in /home/ubuntu/workspace/eaanstad/labs/lab7/updateAuthor.php:54
Stack trace:
#0 /home/ubuntu/workspace/eaanstad/labs/lab7/updateAuthor.php(54): PDOStatement->execute(Array)
#1 {main}
  thrown in /home/ubuntu/workspace/eaanstad/labs/lab7/updateAuthor.php on line 54
[31-Oct-2017 18:35:17 UTC] PHP Fatal error:  Uncaught exception 'PDOException' with message 'SQLSTATE[42000]: Syntax error or access violation: 1065 Query was empty' in /home/ubuntu/workspace/eaanstad/labs/lab7/updateAuthor.php:54
Stack trace:
#0 /home/ubuntu/workspace/eaanstad/labs/lab7/updateAuthor.php(54): PDOStatement->execute(Array)
#1 {main}
  thrown in /home/ubuntu/workspace/eaanstad/labs/lab7/updateAuthor.php on line 54
[31-Oct-2017 18:35:57 UTC] PHP Fatal error:  Uncaught exception 'PDOException' with message 'SQLSTATE[HY093]: Invalid parameter number: parameter was not defined' in /home/ubuntu/workspace/eaanstad/labs/lab7/updateAuthor.php:55
Stack trace:
#0 /home/ubuntu/workspace/eaanstad/labs/lab7/updateAuthor.php(55): PDOStatement->execute(Array)
#1 {main}
  thrown in /home/ubuntu/workspace/eaanstad/labs/lab7/updateAuthor.php on line 55
[28-Nov-2017 18:35:27 UTC] PHP Warning:  move_uploaded_file() expects exactly 2 parameters, 0 given in /home/ubuntu/workspace/eaanstad/labs/lab10/index.php on line 8
[28-Nov-2017 18:35:27 UTC] PHP Stack trace:
[28-Nov-2017 18:35:27 UTC] PHP   1. {main}() /home/ubuntu/workspace/eaanstad/labs/lab10/index.php:0
[28-Nov-2017 18:35:27 UTC] PHP   2. move_uploaded_file() /home/ubuntu/workspace/eaanstad/labs/lab10/index.php:8
[06-Dec-2017 17:01:57 UTC] PHP Fatal error:  Uncaught exception 'PDOException' with message 'SQLSTATE[HY000] [1049] Unknown database 'quote'' in /home/ubuntu/workspace/eaanstad/dbConnection.php:20
Stack trace:
#0 /home/ubuntu/workspace/eaanstad/dbConnection.php(20): PDO->__construct('mysql:host=loca...', 'root', '')
#1 /home/ubuntu/workspace/eaanstad/labs/lab7/loginProcess.php(4): getDatabaseConnection()
#2 {main}
  thrown in /home/ubuntu/workspace/eaanstad/dbConnection.php on line 20
[06-Dec-2017 17:02:34 UTC] PHP Warning:  include(../dbConnection.php): failed to open stream: No such file or directory in /home/ubuntu/workspace/eaanstad/labs/lab7/loginProcess.php on line 3
[06-Dec-2017 17:02:34 UTC] PHP Stack trace:
[06-Dec-2017 17:02:34 UTC] PHP   1. {main}() /home/ubuntu/workspace/eaanstad/labs/lab7/loginProcess.php:0
[06-Dec-2017 17:02:34 UTC] PHP Warning:  include(): Failed opening '../dbConnection.php' for inclusion (include_path='.:/usr/share/php:/usr/share/pear') in /home/ubuntu/workspace/eaanstad/labs/lab7/loginProcess.php on line 3
[06-Dec-2017 17:02:34 UTC] PHP Stack trace:
[06-Dec-2017 17:02:34 UTC] PHP   1. {main}() /home/ubuntu/workspace/eaanstad/labs/lab7/loginProcess.php:0
[06-Dec-2017 17:02:34 UTC] PHP Fatal error:  Call to undefined function getDatabaseConnection() in /home/ubuntu/workspace/eaanstad/labs/lab7/loginProcess.php on line 4
[06-Dec-2017 17:02:34 UTC] PHP Stack trace:
[06-Dec-2017 17:02:34 UTC] PHP   1. {main}() /home/ubuntu/workspace/eaanstad/labs/lab7/loginProcess.php:0
[06-Dec-2017 17:02:52 UTC] PHP Fatal error:  Uncaught exception 'PDOException' with message 'SQLSTATE[HY000] [1049] Unknown database 'quote'' in /home/ubuntu/workspace/eaanstad/dbConnection.php:20
Stack trace:
#0 /home/ubuntu/workspace/eaanstad/dbConnection.php(20): PDO->__construct('mysql:host=loca...', 'root', '')
#1 /home/ubuntu/workspace/eaanstad/labs/lab7/loginProcess.php(4): getDatabaseConnection()
#2 {main}
  thrown in /home/ubuntu/workspace/eaanstad/dbConnection.php on line 20
[06-Dec-2017 17:02:56 UTC] PHP Fatal error:  Uncaught exception 'PDOException' with message 'SQLSTATE[HY000] [1049] Unknown database 'quote'' in /home/ubuntu/workspace/eaanstad/dbConnection.php:20
Stack trace:
#0 /home/ubuntu/workspace/eaanstad/dbConnection.php(20): PDO->__construct('mysql:host=loca...', 'root', '')
#1 /home/ubuntu/workspace/eaanstad/labs/lab7/loginProcess.php(4): getDatabaseConnection()
#2 {main}
  thrown in /home/ubuntu/workspace/eaanstad/dbConnection.php on line 20
