[05-Dec-2017 05:35:13 UTC] PHP Warning:  include(../pokemonDbConn.php): failed to open stream: No such file or directory in /home/ubuntu/workspace/eaanstad/finalProject/api/searchApi.php on line 3
[05-Dec-2017 05:35:13 UTC] PHP Stack trace:
[05-Dec-2017 05:35:13 UTC] PHP   1. {main}() /home/ubuntu/workspace/eaanstad/finalProject/api/searchApi.php:0
[05-Dec-2017 05:35:13 UTC] PHP Warning:  include(): Failed opening '../pokemonDbConn.php' for inclusion (include_path='.:/usr/share/php:/usr/share/pear') in /home/ubuntu/workspace/eaanstad/finalProject/api/searchApi.php on line 3
[05-Dec-2017 05:35:13 UTC] PHP Stack trace:
[05-Dec-2017 05:35:13 UTC] PHP   1. {main}() /home/ubuntu/workspace/eaanstad/finalProject/api/searchApi.php:0
[05-Dec-2017 05:35:13 UTC] PHP Fatal error:  Call to undefined function getDatabaseConnection() in /home/ubuntu/workspace/eaanstad/finalProject/api/searchApi.php on line 4
[05-Dec-2017 05:35:13 UTC] PHP Stack trace:
[05-Dec-2017 05:35:13 UTC] PHP   1. {main}() /home/ubuntu/workspace/eaanstad/finalProject/api/searchApi.php:0
[06-Dec-2017 00:58:01 UTC] PHP Warning:  include(../pokemonDbConn.php): failed to open stream: No such file or directory in /home/ubuntu/workspace/eaanstad/finalProject/api/searchApi.php on line 3
[06-Dec-2017 00:58:01 UTC] PHP Stack trace:
[06-Dec-2017 00:58:01 UTC] PHP   1. {main}() /home/ubuntu/workspace/eaanstad/finalProject/api/searchApi.php:0
[06-Dec-2017 00:58:01 UTC] PHP Warning:  include(): Failed opening '../pokemonDbConn.php' for inclusion (include_path='.:/usr/share/php:/usr/share/pear') in /home/ubuntu/workspace/eaanstad/finalProject/api/searchApi.php on line 3
[06-Dec-2017 00:58:01 UTC] PHP Stack trace:
[06-Dec-2017 00:58:01 UTC] PHP   1. {main}() /home/ubuntu/workspace/eaanstad/finalProject/api/searchApi.php:0
[06-Dec-2017 00:58:01 UTC] PHP Fatal error:  Call to undefined function getDatabaseConnection() in /home/ubuntu/workspace/eaanstad/finalProject/api/searchApi.php on line 4
[06-Dec-2017 00:58:01 UTC] PHP Stack trace:
[06-Dec-2017 00:58:01 UTC] PHP   1. {main}() /home/ubuntu/workspace/eaanstad/finalProject/api/searchApi.php:0
[06-Dec-2017 22:45:28 UTC] PHP Parse error:  syntax error, unexpected ')' in /home/ubuntu/workspace/eaanstad/finalProject/api/searchApi.php on line 23
[06-Dec-2017 22:45:32 UTC] PHP Parse error:  syntax error, unexpected ')' in /home/ubuntu/workspace/eaanstad/finalProject/api/searchApi.php on line 23
[06-Dec-2017 22:46:17 UTC] PHP Parse error:  syntax error, unexpected 'echo' (T_ECHO) in /home/ubuntu/workspace/eaanstad/finalProject/api/searchApi.php on line 27
[06-Dec-2017 22:50:34 UTC] PHP Parse error:  syntax error, unexpected '$_GET' (T_VARIABLE), expecting '(' in /home/ubuntu/workspace/eaanstad/finalProject/api/searchApi.php on line 7
[06-Dec-2017 22:52:31 UTC] PHP Fatal error:  Uncaught exception 'PDOException' with message 'SQLSTATE[42000]: Syntax error or access violation: 1064 You have an error in your SQL syntax; check the manual that corresponds to your MySQL server version for the right syntax to use near 'SELEXT * FROM p_pokemon' at line 1' in /home/ubuntu/workspace/eaanstad/finalProject/api/searchApi.php:12
Stack trace:
#0 /home/ubuntu/workspace/eaanstad/finalProject/api/searchApi.php(12): PDOStatement->execute()
#1 {main}
  thrown in /home/ubuntu/workspace/eaanstad/finalProject/api/searchApi.php on line 12
[07-Dec-2017 02:53:31 UTC] PHP Warning:  include(inc/functions.php): failed to open stream: No such file or directory in /home/ubuntu/workspace/eaanstad/finalProject/inc/loginProcess.php on line 3
[07-Dec-2017 02:53:31 UTC] PHP Stack trace:
[07-Dec-2017 02:53:31 UTC] PHP   1. {main}() /home/ubuntu/workspace/eaanstad/finalProject/inc/loginProcess.php:0
[07-Dec-2017 02:53:31 UTC] PHP Warning:  include(): Failed opening 'inc/functions.php' for inclusion (include_path='.:/usr/share/php:/usr/share/pear') in /home/ubuntu/workspace/eaanstad/finalProject/inc/loginProcess.php on line 3
[07-Dec-2017 02:53:31 UTC] PHP Stack trace:
[07-Dec-2017 02:53:31 UTC] PHP   1. {main}() /home/ubuntu/workspace/eaanstad/finalProject/inc/loginProcess.php:0
[07-Dec-2017 02:53:31 UTC] PHP Fatal error:  Call to undefined function getDatabaseConnection() in /home/ubuntu/workspace/eaanstad/finalProject/inc/loginProcess.php on line 4
[07-Dec-2017 02:53:31 UTC] PHP Stack trace:
[07-Dec-2017 02:53:31 UTC] PHP   1. {main}() /home/ubuntu/workspace/eaanstad/finalProject/inc/loginProcess.php:0
[07-Dec-2017 02:57:12 UTC] PHP Warning:  include(inc/functions.php): failed to open stream: No such file or directory in /home/ubuntu/workspace/eaanstad/finalProject/inc/deletePokemon.php on line 9
[07-Dec-2017 02:57:12 UTC] PHP Stack trace:
[07-Dec-2017 02:57:12 UTC] PHP   1. {main}() /home/ubuntu/workspace/eaanstad/finalProject/inc/deletePokemon.php:0
[07-Dec-2017 02:57:12 UTC] PHP Warning:  include(): Failed opening 'inc/functions.php' for inclusion (include_path='.:/usr/share/php:/usr/share/pear') in /home/ubuntu/workspace/eaanstad/finalProject/inc/deletePokemon.php on line 9
[07-Dec-2017 02:57:12 UTC] PHP Stack trace:
[07-Dec-2017 02:57:12 UTC] PHP   1. {main}() /home/ubuntu/workspace/eaanstad/finalProject/inc/deletePokemon.php:0
[07-Dec-2017 02:57:12 UTC] PHP Fatal error:  Call to undefined function getDatabaseConnection() in /home/ubuntu/workspace/eaanstad/finalProject/inc/deletePokemon.php on line 10
[07-Dec-2017 02:57:12 UTC] PHP Stack trace:
[07-Dec-2017 02:57:12 UTC] PHP   1. {main}() /home/ubuntu/workspace/eaanstad/finalProject/inc/deletePokemon.php:0
[07-Dec-2017 02:57:25 UTC] PHP Warning:  include(inc/functions.php): failed to open stream: No such file or directory in /home/ubuntu/workspace/eaanstad/finalProject/inc/deletePokemon.php on line 9
[07-Dec-2017 02:57:25 UTC] PHP Stack trace:
[07-Dec-2017 02:57:25 UTC] PHP   1. {main}() /home/ubuntu/workspace/eaanstad/finalProject/inc/deletePokemon.php:0
[07-Dec-2017 02:57:25 UTC] PHP Warning:  include(): Failed opening 'inc/functions.php' for inclusion (include_path='.:/usr/share/php:/usr/share/pear') in /home/ubuntu/workspace/eaanstad/finalProject/inc/deletePokemon.php on line 9
[07-Dec-2017 02:57:25 UTC] PHP Stack trace:
[07-Dec-2017 02:57:25 UTC] PHP   1. {main}() /home/ubuntu/workspace/eaanstad/finalProject/inc/deletePokemon.php:0
[07-Dec-2017 02:57:25 UTC] PHP Fatal error:  Call to undefined function getDatabaseConnection() in /home/ubuntu/workspace/eaanstad/finalProject/inc/deletePokemon.php on line 10
[07-Dec-2017 02:57:25 UTC] PHP Stack trace:
[07-Dec-2017 02:57:25 UTC] PHP   1. {main}() /home/ubuntu/workspace/eaanstad/finalProject/inc/deletePokemon.php:0
[07-Dec-2017 02:57:31 UTC] PHP Warning:  include(inc/functions.php): failed to open stream: No such file or directory in /home/ubuntu/workspace/eaanstad/finalProject/inc/deletePokemon.php on line 9
[07-Dec-2017 02:57:31 UTC] PHP Stack trace:
[07-Dec-2017 02:57:31 UTC] PHP   1. {main}() /home/ubuntu/workspace/eaanstad/finalProject/inc/deletePokemon.php:0
[07-Dec-2017 02:57:31 UTC] PHP Warning:  include(): Failed opening 'inc/functions.php' for inclusion (include_path='.:/usr/share/php:/usr/share/pear') in /home/ubuntu/workspace/eaanstad/finalProject/inc/deletePokemon.php on line 9
[07-Dec-2017 02:57:31 UTC] PHP Stack trace:
[07-Dec-2017 02:57:31 UTC] PHP   1. {main}() /home/ubuntu/workspace/eaanstad/finalProject/inc/deletePokemon.php:0
[07-Dec-2017 02:57:31 UTC] PHP Fatal error:  Call to undefined function getDatabaseConnection() in /home/ubuntu/workspace/eaanstad/finalProject/inc/deletePokemon.php on line 10
[07-Dec-2017 02:57:31 UTC] PHP Stack trace:
[07-Dec-2017 02:57:31 UTC] PHP   1. {main}() /home/ubuntu/workspace/eaanstad/finalProject/inc/deletePokemon.php:0
